Warning: no access to tty (Bad file descriptor).
Thus no job control in this shell.
MKL_0
 6000 2000 2000 0 2040.4 ;  6400 2000 2000 0 2151.18 ;  6800 2000 2000 0 2276.85 ;  7200 2000 2000 0 2418.02 ;  7600 2000 2000 0 2610.95 ;  8000 2000 2000 0 2713.31 ;  8400 2000 2000 0 2944.55 ;  8800 2000 2000 0 2946.28 ;  9200 2000 2000 0 3196.6 ;  9600 2000 2000 0 3251.68 ;  10000 2000 2000 0 3355.24 ;  10400 2000 2000 0 3509.42 ;  10800 2000 2000 0 3687.62 ;  11200 2000 2000 0 3792.58 ;  11600 2000 2000 0 3902.53 ;  12000 2000 2000 0 4199.04 ;  12400 2000 2000 0 4547.58 ;  12800 2000 2000 0 4357.76 ;  13200 2000 2000 0 4452.86 ;  13600 2000 2000 0 4770.76 ;  14000 2000 2000 0 4780.98 ;  14400 2000 2000 0 4840.81 ;  14800 2000 2000 0 5416.68 ;  15200 2000 2000 0 5178.31 ;  15600 2000 2000 0 5647.8 ;  16000 2000 2000 0 5411.94 ;  16400 2000 2000 0 6098.38 ;  16800 2000 2000 0 5709.12 ;  17200 2000 2000 0 5818.49 ;  17600 2000 2000 0 5922.9 ;  18000 2000 2000 0 6113.18 ; 


FAST522_18_99_1
 6000 2000 2000 1 1960.99 ;  6400 2000 2000 1 2116.14 ;  6800 2000 2000 1 2294.07 ;  7200 2000 2000 1 2385.63 ;  7600 2000 2000 1 2516.08 ;  8000 2000 2000 1 2687.79 ;  8400 2000 2000 1 2846.04 ;  8800 2000 2000 1 2919.04 ;  9200 2000 2000 1 3051.25 ;  9600 2000 2000 1 3185.29 ;  10000 2000 2000 1 3358.2 ;  10400 2000 2000 1 3504.25 ;  10800 2000 2000 1 3574.49 ;  11200 2000 2000 1 3754.31 ;  11600 2000 2000 1 3854.64 ;  12000 2000 2000 1 4004.16 ;  12400 2000 2000 1 4140.52 ;  12800 2000 2000 1 4305.92 ;  13200 2000 2000 1 4428.41 ;  13600 2000 2000 1 4562.58 ;  14000 2000 2000 1 4630.62 ;  14400 2000 2000 1 4788.08 ;  14800 2000 2000 1 4926.29 ;  15200 2000 2000 1 5032.23 ;  15600 2000 2000 1 5354.65 ;  16000 2000 2000 1 5380.46 ;  16400 2000 2000 1 5585.88 ;  16800 2000 2000 1 5749.13 ;  17200 2000 2000 1 5684 ;  17600 2000 2000 1 5853.6 ;  18000 2000 2000 1 5929.64 ; 
FAST522_18_99_2
 6000 2000 2000 2 2041.79 ;  6400 2000 2000 2 2171.61 ;  6800 2000 2000 2 2320.39 ;  7200 2000 2000 2 2475.59 ;  7600 2000 2000 2 2561.76 ;  8000 2000 2000 2 2700.52 ;  8400 2000 2000 2 2832.52 ;  8800 2000 2000 2 2947.56 ;  9200 2000 2000 2 3115.39 ;  9600 2000 2000 2 3194.44 ;  10000 2000 2000 2 3338.45 ;  10400 2000 2000 2 3467.2 ;  10800 2000 2000 2 3596.32 ;  11200 2000 2000 2 3738.15 ;  11600 2000 2000 2 3907.48 ;  12000 2000 2000 2 4162.12 ;  12400 2000 2000 2 4333.72 ;  12800 2000 2000 2 4525.64 ;  13200 2000 2000 2 4705.29 ;  13600 2000 2000 2 4915.7 ;  14000 2000 2000 2 4998.8 ;  14400 2000 2000 2 5151.47 ;  14800 2000 2000 2 5234.16 ;  15200 2000 2000 2 5307.05 ;  15600 2000 2000 2 5446.05 ;  16000 2000 2000 2 5640.02 ;  16400 2000 2000 2 5718.02 ;  16800 2000 2000 2 5855.25 ;  17200 2000 2000 2 6001.07 ;  17600 2000 2000 2 6137.07 ;  18000 2000 2000 2 6354.91 ; 


FAST433_29_234_1
 6000 2000 2000 1 1941.76 ;  6400 2000 2000 1 2062.81 ;  6800 2000 2000 1 2200.44 ;  7200 2000 2000 1 2339.55 ;  7600 2000 2000 1 2497.97 ;  8000 2000 2000 1 2594.17 ;  8400 2000 2000 1 2746.57 ;  8800 2000 2000 1 2824.27 ;  9200 2000 2000 1 3038.58 ;  9600 2000 2000 1 3077.4 ;  10000 2000 2000 1 3310.6 ;  10400 2000 2000 1 3346.91 ;  10800 2000 2000 1 3528.09 ;  11200 2000 2000 1 3597.08 ;  11600 2000 2000 1 3835.95 ;  12000 2000 2000 1 3845.61 ;  12400 2000 2000 1 4060.23 ;  12800 2000 2000 1 4218.78 ;  13200 2000 2000 1 4326.2 ;  13600 2000 2000 1 4358.9 ;  14000 2000 2000 1 4552.57 ;  14400 2000 2000 1 4647.64 ;  14800 2000 2000 1 4899.9 ;  15200 2000 2000 1 4893.03 ;  15600 2000 2000 1 5175.1 ;  16000 2000 2000 1 5125.54 ;  16400 2000 2000 1 5613.63 ;  16800 2000 2000 1 5470.12 ;  17200 2000 2000 1 5662.82 ;  17600 2000 2000 1 5680.82 ;  18000 2000 2000 1 5913.01 ; 
FAST433_29_234_2
 6000 2000 2000 2 2048.58 ;  6400 2000 2000 2 2077.26 ;  6800 2000 2000 2 2280.25 ;  7200 2000 2000 2 2407.83 ;  7600 2000 2000 2 2533.2 ;  8000 2000 2000 2 2626.57 ;  8400 2000 2000 2 2854.6 ;  8800 2000 2000 2 2905.52 ;  9200 2000 2000 2 3083.37 ;  9600 2000 2000 2 3073.25 ;  10000 2000 2000 2 3312.29 ;  10400 2000 2000 2 3411.52 ;  10800 2000 2000 2 3582.9 ;  11200 2000 2000 2 3705.54 ;  11600 2000 2000 2 3840.23 ;  12000 2000 2000 2 3954.96 ;  12400 2000 2000 2 4138.97 ;  12800 2000 2000 2 4194.77 ;  13200 2000 2000 2 4658.37 ;  13600 2000 2000 2 4807.81 ;  14000 2000 2000 2 5091.77 ;  14400 2000 2000 2 5218 ;  14800 2000 2000 2 5362.84 ;  15200 2000 2000 2 5482.52 ;  15600 2000 2000 2 5668.36 ;  16000 2000 2000 2 5694.81 ;  16400 2000 2000 2 6047.55 ;  16800 2000 2000 2 6091.76 ;  17200 2000 2000 2 6289.96 ;  17600 2000 2000 2 6290.93 ;  18000 2000 2000 2 6722.69 ; 


STRASSEN_1
 6000 2000 2000 1 1920.12 ;  6400 2000 2000 1 2083.73 ;  6800 2000 2000 1 2174.18 ;  7200 2000 2000 1 2316.38 ;  7600 2000 2000 1 2519.82 ;  8000 2000 2000 1 2610.74 ;  8400 2000 2000 1 2773.65 ;  8800 2000 2000 1 2886.97 ;  9200 2000 2000 1 3088.69 ;  9600 2000 2000 1 3143.91 ;  10000 2000 2000 1 3324.99 ;  10400 2000 2000 1 3525.83 ;  10800 2000 2000 1 3544.26 ;  11200 2000 2000 1 3665.26 ;  11600 2000 2000 1 3847.58 ;  12000 2000 2000 1 3951.99 ;  12400 2000 2000 1 4114.11 ;  12800 2000 2000 1 4216.8 ;  13200 2000 2000 1 4387.1 ;  13600 2000 2000 1 4452.46 ;  14000 2000 2000 1 4596.79 ;  14400 2000 2000 1 4781.71 ;  14800 2000 2000 1 5343.46 ;  15200 2000 2000 1 5517.39 ;  15600 2000 2000 1 5949.43 ;  16000 2000 2000 1 6291.94 ;  16400 2000 2000 1 6666.87 ;  16800 2000 2000 1 6758.31 ;  17200 2000 2000 1 6284.5 ;  17600 2000 2000 1 6550.27 ;  18000 2000 2000 1 7174.68 ; 
STRASSEN_2
 6000 2000 2000 2 2431.08 ;  6400 2000 2000 2 2516.83 ;  6800 2000 2000 2 2754.37 ;  7200 2000 2000 2 2857.09 ;  7600 2000 2000 2 2826.13 ;  8000 2000 2000 2 2899.75 ;  8400 2000 2000 2 2917.61 ;  8800 2000 2000 2 3036.49 ;  9200 2000 2000 2 3234.08 ;  9600 2000 2000 2 3282.31 ;  10000 2000 2000 2 3480.63 ;  10400 2000 2000 2 3559.58 ;  10800 2000 2000 2 3730.56 ;  11200 2000 2000 2 3828.83 ;  11600 2000 2000 2 4073.66 ;  12000 2000 2000 2 4046.95 ;  12400 2000 2000 2 4270.37 ;  12800 2000 2000 2 4389.1 ;  13200 2000 2000 2 4556.15 ;  13600 2000 2000 2 4622.88 ;  14000 2000 2000 2 4843.76 ;  14400 2000 2000 2 4889.78 ;  14800 2000 2000 2 5092.31 ;  15200 2000 2000 2 5250.3 ;  15600 2000 2000 2 5505.8 ;  16000 2000 2000 2 5542.82 ;  16400 2000 2000 2 5944.23 ;  16800 2000 2000 2 5848.14 ;  17200 2000 2000 2 6115.13 ;  17600 2000 2000 2 6122.74 ;  18000 2000 2000 2 6325.81 ; 


FAST424_26_257_1
 6000 2000 2000 1 2000.39 ;  6400 2000 2000 1 2113.06 ;  6800 2000 2000 1 2235.03 ;  7200 2000 2000 1 2346.12 ;  7600 2000 2000 1 2543.8 ;  8000 2000 2000 1 2603.86 ;  8400 2000 2000 1 2766.36 ;  8800 2000 2000 1 2935.83 ;  9200 2000 2000 1 3162.84 ;  9600 2000 2000 1 3136.05 ;  10000 2000 2000 1 3321.61 ;  10400 2000 2000 1 3442.89 ;  10800 2000 2000 1 3576.23 ;  11200 2000 2000 1 3697.78 ;  11600 2000 2000 1 3893.65 ;  12000 2000 2000 1 3939.25 ;  12400 2000 2000 1 4114.95 ;  12800 2000 2000 1 4262.43 ;  13200 2000 2000 1 4376.43 ;  13600 2000 2000 1 4421.06 ;  14000 2000 2000 1 4682.77 ;  14400 2000 2000 1 4675.42 ;  14800 2000 2000 1 4944.37 ;  15200 2000 2000 1 5478.8 ;  15600 2000 2000 1 5348.82 ;  16000 2000 2000 1 5440.56 ;  16400 2000 2000 1 5587.25 ;  16800 2000 2000 1 5827.85 ;  17200 2000 2000 1 6071.42 ;  17600 2000 2000 1 6091.01 ;  18000 2000 2000 1 6253.62 ; 
FAST424_26_257_2
 6000 2000 2000 2 2097.18 ;  6400 2000 2000 2 2147.72 ;  6800 2000 2000 2 2374.47 ;  7200 2000 2000 2 2492.24 ;  7600 2000 2000 2 2639.21 ;  8000 2000 2000 2 2712.57 ;  8400 2000 2000 2 2897.43 ;  8800 2000 2000 2 3001.72 ;  9200 2000 2000 2 3207.41 ;  9600 2000 2000 2 3231.06 ;  10000 2000 2000 2 3504.07 ;  10400 2000 2000 2 3554.71 ;  10800 2000 2000 2 3748.58 ;  11200 2000 2000 2 3862.18 ;  11600 2000 2000 2 4062.07 ;  12000 2000 2000 2 4130.36 ;  12400 2000 2000 2 4393.34 ;  12800 2000 2000 2 4382.63 ;  13200 2000 2000 2 4591.2 ;  13600 2000 2000 2 4763.71 ;  14000 2000 2000 2 4955.65 ;  14400 2000 2000 2 5054.33 ;  14800 2000 2000 2 5249.07 ;  15200 2000 2000 2 5422.29 ;  15600 2000 2000 2 5494.64 ;  16000 2000 2000 2 5888.69 ;  16400 2000 2000 2 6360.59 ;  16800 2000 2000 2 6235.41 ;  17200 2000 2000 2 6570.22 ;  17600 2000 2000 2 6541.03 ;  18000 2000 2000 2 6813.22 ; 


FAST323_15_103_1
 6000 2000 2000 1 1926.46 ;  6400 2000 2000 1 2130.69 ;  6800 2000 2000 1 2260.78 ;  7200 2000 2000 1 2349.05 ;  7600 2000 2000 1 2584.49 ;  8000 2000 2000 1 2659.07 ;  8400 2000 2000 1 2713.58 ;  8800 2000 2000 1 2946.75 ;  9200 2000 2000 1 3077.42 ;  9600 2000 2000 1 3157.39 ;  10000 2000 2000 1 3412.78 ;  10400 2000 2000 1 3457.18 ;  10800 2000 2000 1 3489 ;  11200 2000 2000 1 3760.21 ;  11600 2000 2000 1 3881.98 ;  12000 2000 2000 1 3894.48 ;  12400 2000 2000 1 4192.39 ;  12800 2000 2000 1 4379.07 ;  13200 2000 2000 1 4372.6 ;  13600 2000 2000 1 4662.37 ;  14000 2000 2000 1 4838.44 ;  14400 2000 2000 1 4817.61 ;  14800 2000 2000 1 5083.4 ;  15200 2000 2000 1 5259.69 ;  15600 2000 2000 1 5250.32 ;  16000 2000 2000 1 5487.42 ;  16400 2000 2000 1 5781.1 ;  16800 2000 2000 1 5583 ;  17200 2000 2000 1 5909.91 ;  17600 2000 2000 1 6059.97 ;  18000 2000 2000 1 5995.14 ; 
FAST323_15_103_2
 6000 2000 2000 2 1995.75 ;  6400 2000 2000 2 2126.68 ;  6800 2000 2000 2 2289.16 ;  7200 2000 2000 2 2302.88 ;  7600 2000 2000 2 2504.02 ;  8000 2000 2000 2 2618.79 ;  8400 2000 2000 2 2756.47 ;  8800 2000 2000 2 2986.78 ;  9200 2000 2000 2 3025.52 ;  9600 2000 2000 2 3160.38 ;  10000 2000 2000 2 3527.01 ;  10400 2000 2000 2 3713.19 ;  10800 2000 2000 2 3654.66 ;  11200 2000 2000 2 3907.86 ;  11600 2000 2000 2 4093.48 ;  12000 2000 2000 2 4260.78 ;  12400 2000 2000 2 4405.69 ;  12800 2000 2000 2 4387.42 ;  13200 2000 2000 2 4608.41 ;  13600 2000 2000 2 4739.31 ;  14000 2000 2000 2 4884.94 ;  14400 2000 2000 2 4877.2 ;  14800 2000 2000 2 5096.87 ;  15200 2000 2000 2 5200.7 ;  15600 2000 2000 2 5475.73 ;  16000 2000 2000 2 5606.47 ;  16400 2000 2000 2 5765.16 ;  16800 2000 2000 2 5887.18 ;  17200 2000 2000 2 5998.14 ;  17600 2000 2000 2 6297.92 ;  18000 2000 2000 2 6149.83 ; 


MKL_0
Terminated

 + --------------------------------------------------------------------------
 +        Job name: my_job
 +          Job Id: 1527305.edique02
 +          System: edison
 +     Queued Time: Tue Aug  5 15:23:30 2014
 +      Start Time: Wed Aug  6 01:54:15 2014
 + Completion Time: Wed Aug  6 03:54:26 2014
 +            User: arbenson
 +        MOM Host: nid00899
 +           Queue: reg_small
 +  Req. Resources: mppnodect=1,mppnppn=24,mppwidth=24,walltime=02:00:00
 +  Used Resources: cput=01:59:54,mem=1317712kb,vmem=1481100kb,walltime=02:00:13
 +     Acct String: mp156
 +   PBS_O_WORKDIR: /global/u1/a/arbenson/fast-matmul
 +     Submit Args: submit_benchmarks.sh
 + --------------------------------------------------------------------------

